Vivado Simulator 2018.2
Copyright 1986-1999, 2001-2018 Xilinx, Inc. All Rights Reserved.
Running: C:/Xilinx/Vivado/2018.2/bin/unwrapped/win64.o/xelab.exe -wto 0197a79f7ce844e18bdef4a84f660bf2 --incr --debug typical --relax --mt 2 -L xil_defaultlib -L secureip --snapshot autogen_test_bench_4_func_synth xil_defaultlib.autogen_test_bench_4 -log elaborate.log 
Using 2 slave threads.
Starting static elaboration
Completed static elaboration
Starting simulation data flow analysis
Completed simulation data flow analysis
Time Resolution for simulation is 1ps
Compiling package std.standard
Compiling package std.textio
Compiling package ieee.std_logic_1164
Compiling package ieee.numeric_std
Compiling package ieee.std_logic_arith
Compiling package ieee.std_logic_unsigned
Compiling package unisim.vcomponents
Compiling package ieee.vital_timing
Compiling package ieee.vital_primitives
Compiling package unisim.vpkg
Compiling architecture lut3_v of entity unisim.LUT3 [\LUT3(init="11011100")(0,7)\]
Compiling architecture lut6_v of entity unisim.LUT6 [\LUT6(init="10111010101110101111...]
Compiling architecture lut6_v of entity unisim.LUT6 [\LUT6(init="11111111111111110000...]
Compiling architecture lut4_v of entity unisim.LUT4 [\LUT4(init="1111111011101110")(0...]
Compiling architecture lut6_v of entity unisim.LUT6 [\LUT6(init="00000000000010001010...]
Compiling architecture lut2_v of entity unisim.LUT2 [\LUT2(init="0111")(0,3)\]
Compiling architecture lut6_v of entity unisim.LUT6 [\LUT6(init="10101111101000001100...]
Compiling architecture lut3_v of entity unisim.LUT3 [\LUT3(init="10000000")(0,7)\]
Compiling architecture lut5_v of entity unisim.LUT5 [\LUT5(init="11111111111111111111...]
Compiling architecture lut6_v of entity unisim.LUT6 [\LUT6(init="10001000100010001000...]
Compiling architecture lut6_v of entity unisim.LUT6 [\LUT6(init="11111111111111111111...]
Compiling architecture lut2_v of entity unisim.LUT2 [\LUT2(init="1110")(0,3)\]
Compiling architecture lut4_v of entity unisim.LUT4 [\LUT4(init="1111111111111110")(0...]
Compiling architecture fdre_v of entity unisim.FDRE [\FDRE(init='1')\]
Compiling architecture fdre_v of entity unisim.FDRE [fdre_default]
Compiling architecture muxf7_v of entity unisim.MUXF7 [muxf7_default]
Compiling architecture lut2_v of entity unisim.LUT2 [\LUT2(init="1000")(0,3)\]
Compiling architecture lut4_v of entity unisim.LUT4 [\LUT4(init="1001000000001001")(0...]
Compiling architecture lut2_v of entity unisim.LUT2 [\LUT2(init="0010")(0,3)\]
Compiling architecture lut2_v of entity unisim.LUT2 [\LUT2(init="1001")(0,3)\]
Compiling architecture lut4_v of entity unisim.LUT4 [\LUT4(init="0010001010110010")(0...]
Compiling architecture carry4_v of entity unisim.CARRY4 [carry4_default]
Compiling architecture lut3_v of entity unisim.LUT3 [\LUT3(init="11100010")(0,7)\]
Compiling architecture lut4_v of entity unisim.LUT4 [\LUT4(init="0010111100101000")(0...]
Compiling architecture lut5_v of entity unisim.LUT5 [\LUT5(init="00001110110011101110...]
Compiling architecture lut6_v of entity unisim.LUT6 [\LUT6(init="00001100111011101110...]
Compiling architecture lut6_v of entity unisim.LUT6 [\LUT6(init="10001111000000001111...]
Compiling architecture lut3_v of entity unisim.LUT3 [\LUT3(init="00101010")(0,7)\]
Compiling architecture lut4_v of entity unisim.LUT4 [\LUT4(init="1111100010001000")(0...]
Compiling architecture lut5_v of entity unisim.LUT5 [\LUT5(init="00000000000001111111...]
Compiling architecture lut3_v of entity unisim.LUT3 [\LUT3(init="10111000")(0,7)\]
Compiling architecture lut6_v of entity unisim.LUT6 [\LUT6(init="10100000101000001010...]
Compiling architecture lut3_v of entity unisim.LUT3 [\LUT3(init="11111110")(0,7)\]
Compiling architecture lut2_v of entity unisim.LUT2 [\LUT2(init="0110")(0,3)\]
Compiling architecture bufg_v of entity unisim.BUFG [bufg_default]
Compiling architecture ibuf_v of entity unisim.IBUF [\IBUF(1,9)(1,1)(1,4)(1,7)\]
Compiling architecture lut6_v of entity unisim.LUT6 [\LUT6(init="11110000111100001111...]
Compiling architecture lut6_v of entity unisim.LUT6 [\LUT6(init="00001110000011100000...]
Compiling architecture lut6_v of entity unisim.LUT6 [\LUT6(init="00101010001010100010...]
Compiling architecture lut5_v of entity unisim.LUT5 [\LUT5(init="11111111111111110100...]
Compiling architecture lut3_v of entity unisim.LUT3 [\LUT3(init="00001000")(0,7)\]
Compiling architecture lut5_v of entity unisim.LUT5 [\LUT5(init="10001000100010001000...]
Compiling architecture lut3_v of entity unisim.LUT3 [\LUT3(init="11111000")(0,7)\]
Compiling architecture lut2_v of entity unisim.LUT2 [\LUT2(init="0100")(0,3)\]
Compiling architecture obuf_v of entity unisim.OBUF [\OBUF(1,9)(1,7)(1,4)\]
Compiling architecture lut6_v of entity unisim.LUT6 [\LUT6(init="10101010101010101011...]
Compiling architecture lut6_v of entity unisim.LUT6 [\LUT6(init="10101010101010101111...]
Compiling architecture lut6_v of entity unisim.LUT6 [\LUT6(init="10101010101010101111...]
Compiling architecture lut5_v of entity unisim.LUT5 [\LUT5(init="01000000010000000100...]
Compiling architecture lut3_v of entity unisim.LUT3 [\LUT3(init="00011110")(0,7)\]
Compiling architecture lut3_v of entity unisim.LUT3 [\LUT3(init="10110100")(0,7)\]
Compiling architecture lut4_v of entity unisim.LUT4 [\LUT4(init="1010101101010100")(0...]
Compiling architecture lut5_v of entity unisim.LUT5 [\LUT5(init="10101010101010110101...]
Compiling architecture lut6_v of entity unisim.LUT6 [\LUT6(init="10101010101010101010...]
Compiling architecture lut3_v of entity unisim.LUT3 [\LUT3(init="11100001")(0,7)\]
Compiling architecture lut4_v of entity unisim.LUT4 [\LUT4(init="1011101001000101")(0...]
Compiling architecture lut5_v of entity unisim.LUT5 [\LUT5(init="10101010101011100101...]
Compiling architecture lut5_v of entity unisim.LUT5 [\LUT5(init="00000000000000000000...]
Compiling architecture lut5_v of entity unisim.LUT5 [\LUT5(init="00000000000000000000...]
Compiling architecture obuft_v of entity unisim.OBUFT [\OBUFT(1,9)(1,7)(1,4)\]
Compiling architecture lut6_v of entity unisim.LUT6 [\LUT6(init="11111111111111111111...]
Compiling architecture lut5_v of entity unisim.LUT5 [\LUT5(init="00000001111111110000...]
Compiling architecture lut6_v of entity unisim.LUT6 [\LUT6(init="11111111111111111111...]
Compiling architecture lut5_v of entity unisim.LUT5 [\LUT5(init="00010000111111110000...]
Compiling architecture lut6_v of entity unisim.LUT6 [\LUT6(init="11111111111111111111...]
Compiling architecture lut5_v of entity unisim.LUT5 [\LUT5(init="00000010111111110000...]
Compiling architecture lut6_v of entity unisim.LUT6 [\LUT6(init="11111111111111111111...]
Compiling architecture lut5_v of entity unisim.LUT5 [\LUT5(init="00100000111111110000...]
Compiling architecture lut6_v of entity unisim.LUT6 [\LUT6(init="11111111111111111111...]
Compiling architecture lut5_v of entity unisim.LUT5 [\LUT5(init="00001000111111110000...]
Compiling architecture lut6_v of entity unisim.LUT6 [\LUT6(init="11111111111111111111...]
Compiling architecture lut5_v of entity unisim.LUT5 [\LUT5(init="10000000111111110000...]
Compiling architecture lut6_v of entity unisim.LUT6 [\LUT6(init="10010000000010010000...]
Compiling architecture lut3_v of entity unisim.LUT3 [\LUT3(init="01000000")(0,7)\]
Compiling architecture lut6_v of entity unisim.LUT6 [\LUT6(init="00000000000000000000...]
Compiling architecture structure of entity xil_defaultlib.project_reti_logiche [project_reti_logiche_default]
Compiling architecture bhv of entity xil_defaultlib.autogen_test_bench_4
Built simulation snapshot autogen_test_bench_4_func_synth
